<?xml version="1.0" encoding="UTF-8"?>
<testsuite xmlns:xsi="http://www.w3.org/2001/XMLSchema-instance" xsi:noNamespaceSchemaLocation="https://maven.apache.org/surefire/maven-surefire-plugin/xsd/surefire-test-report.xsd" name="com.cdc.springmybastis.SpringMybastisApplicationTests" time="4.893" tests="1" errors="0" skipped="0" failures="0">
  <properties>
    <property name="sun.desktop" value="windows"/>
    <property name="awt.toolkit" value="sun.awt.windows.WToolkit"/>
    <property name="file.encoding.pkg" value="sun.io"/>
    <property name="java.specification.version" value="1.8"/>
    <property name="sun.cpu.isalist" value="pentium_pro+mmx pentium_pro pentium+mmx pentium i486 i386 i86"/>
    <property name="sun.jnu.encoding" value="GBK"/>
    <property name="java.class.path" value="D:\view\javaStuddy\spring-mybastis\target\test-classes;D:\view\javaStuddy\spring-mybastis\target\classes;D:\web\mavenRes\org\springframework\boot\spring-boot-starter-web\2.1.7.RELEASE\spring-boot-starter-web-2.1.7.RELEASE.jar;D:\web\mavenRes\org\springframework\boot\spring-boot-starter\2.1.7.RELEASE\spring-boot-starter-2.1.7.RELEASE.jar;D:\web\mavenRes\org\springframework\boot\spring-boot\2.1.7.RELEASE\spring-boot-2.1.7.RELEASE.jar;D:\web\mavenRes\org\springframework\boot\spring-boot-autoconfigure\2.1.7.RELEASE\spring-boot-autoconfigure-2.1.7.RELEASE.jar;D:\web\mavenRes\org\springframework\boot\spring-boot-starter-logging\2.1.7.RELEASE\spring-boot-starter-logging-2.1.7.RELEASE.jar;D:\web\mavenRes\ch\qos\logback\logback-classic\1.2.3\logback-classic-1.2.3.jar;D:\web\mavenRes\ch\qos\logback\logback-core\1.2.3\logback-core-1.2.3.jar;D:\web\mavenRes\org\apache\logging\log4j\log4j-to-slf4j\2.11.2\log4j-to-slf4j-2.11.2.jar;D:\web\mavenRes\org\apache\logging\log4j\log4j-api\2.11.2\log4j-api-2.11.2.jar;D:\web\mavenRes\org\slf4j\jul-to-slf4j\1.7.26\jul-to-slf4j-1.7.26.jar;D:\web\mavenRes\javax\annotation\javax.annotation-api\1.3.2\javax.annotation-api-1.3.2.jar;D:\web\mavenRes\org\yaml\snakeyaml\1.23\snakeyaml-1.23.jar;D:\web\mavenRes\org\springframework\boot\spring-boot-starter-json\2.1.7.RELEASE\spring-boot-starter-json-2.1.7.RELEASE.jar;D:\web\mavenRes\com\fasterxml\jackson\core\jackson-databind\2.9.9\jackson-databind-2.9.9.jar;D:\web\mavenRes\com\fasterxml\jackson\core\jackson-annotations\2.9.0\jackson-annotations-2.9.0.jar;D:\web\mavenRes\com\fasterxml\jackson\core\jackson-core\2.9.9\jackson-core-2.9.9.jar;D:\web\mavenRes\com\fasterxml\jackson\datatype\jackson-datatype-jdk8\2.9.9\jackson-datatype-jdk8-2.9.9.jar;D:\web\mavenRes\com\fasterxml\jackson\datatype\jackson-datatype-jsr310\2.9.9\jackson-datatype-jsr310-2.9.9.jar;D:\web\mavenRes\com\fasterxml\jackson\module\jackson-module-parameter-names\2.9.9\jackson-module-parameter-names-2.9.9.jar;D:\web\mavenRes\org\springframework\boot\spring-boot-starter-tomcat\2.1.7.RELEASE\spring-boot-starter-tomcat-2.1.7.RELEASE.jar;D:\web\mavenRes\org\apache\tomcat\embed\tomcat-embed-core\9.0.22\tomcat-embed-core-9.0.22.jar;D:\web\mavenRes\org\apache\tomcat\embed\tomcat-embed-el\9.0.22\tomcat-embed-el-9.0.22.jar;D:\web\mavenRes\org\apache\tomcat\embed\tomcat-embed-websocket\9.0.22\tomcat-embed-websocket-9.0.22.jar;D:\web\mavenRes\org\hibernate\validator\hibernate-validator\6.0.17.Final\hibernate-validator-6.0.17.Final.jar;D:\web\mavenRes\javax\validation\validation-api\2.0.1.Final\validation-api-2.0.1.Final.jar;D:\web\mavenRes\org\jboss\logging\jboss-logging\3.3.2.Final\jboss-logging-3.3.2.Final.jar;D:\web\mavenRes\com\fasterxml\classmate\1.4.0\classmate-1.4.0.jar;D:\web\mavenRes\org\springframework\spring-web\5.1.9.RELEASE\spring-web-5.1.9.RELEASE.jar;D:\web\mavenRes\org\springframework\spring-beans\5.1.9.RELEASE\spring-beans-5.1.9.RELEASE.jar;D:\web\mavenRes\org\springframework\spring-webmvc\5.1.9.RELEASE\spring-webmvc-5.1.9.RELEASE.jar;D:\web\mavenRes\org\springframework\spring-aop\5.1.9.RELEASE\spring-aop-5.1.9.RELEASE.jar;D:\web\mavenRes\org\springframework\spring-context\5.1.9.RELEASE\spring-context-5.1.9.RELEASE.jar;D:\web\mavenRes\org\springframework\spring-expression\5.1.9.RELEASE\spring-expression-5.1.9.RELEASE.jar;D:\web\mavenRes\org\springframework\boot\spring-boot-starter-thymeleaf\2.1.7.RELEASE\spring-boot-starter-thymeleaf-2.1.7.RELEASE.jar;D:\web\mavenRes\org\thymeleaf\thymeleaf-spring5\3.0.11.RELEASE\thymeleaf-spring5-3.0.11.RELEASE.jar;D:\web\mavenRes\org\thymeleaf\thymeleaf\3.0.11.RELEASE\thymeleaf-3.0.11.RELEASE.jar;D:\web\mavenRes\org\attoparser\attoparser\2.0.5.RELEASE\attoparser-2.0.5.RELEASE.jar;D:\web\mavenRes\org\unbescape\unbescape\1.1.6.RELEASE\unbescape-1.1.6.RELEASE.jar;D:\web\mavenRes\org\slf4j\slf4j-api\1.7.26\slf4j-api-1.7.26.jar;D:\web\mavenRes\org\thymeleaf\extras\thymeleaf-extras-java8time\3.0.4.RELEASE\thymeleaf-extras-java8time-3.0.4.RELEASE.jar;D:\web\mavenRes\org\springframework\boot\spring-boot-starter-test\2.1.7.RELEASE\spring-boot-starter-test-2.1.7.RELEASE.jar;D:\web\mavenRes\org\springframework\boot\spring-boot-test\2.1.7.RELEASE\spring-boot-test-2.1.7.RELEASE.jar;D:\web\mavenRes\org\springframework\boot\spring-boot-test-autoconfigure\2.1.7.RELEASE\spring-boot-test-autoconfigure-2.1.7.RELEASE.jar;D:\web\mavenRes\com\jayway\jsonpath\json-path\2.4.0\json-path-2.4.0.jar;D:\web\mavenRes\net\minidev\json-smart\2.3\json-smart-2.3.jar;D:\web\mavenRes\net\minidev\accessors-smart\1.2\accessors-smart-1.2.jar;D:\web\mavenRes\org\ow2\asm\asm\5.0.4\asm-5.0.4.jar;D:\web\mavenRes\junit\junit\4.12\junit-4.12.jar;D:\web\mavenRes\org\assertj\assertj-core\3.11.1\assertj-core-3.11.1.jar;D:\web\mavenRes\org\mockito\mockito-core\2.23.4\mockito-core-2.23.4.jar;D:\web\mavenRes\net\bytebuddy\byte-buddy\1.9.16\byte-buddy-1.9.16.jar;D:\web\mavenRes\net\bytebuddy\byte-buddy-agent\1.9.16\byte-buddy-agent-1.9.16.jar;D:\web\mavenRes\org\objenesis\objenesis\2.6\objenesis-2.6.jar;D:\web\mavenRes\org\hamcrest\hamcrest-core\1.3\hamcrest-core-1.3.jar;D:\web\mavenRes\org\hamcrest\hamcrest-library\1.3\hamcrest-library-1.3.jar;D:\web\mavenRes\org\skyscreamer\jsonassert\1.5.0\jsonassert-1.5.0.jar;D:\web\mavenRes\com\vaadin\external\google\android-json\0.0.20131108.vaadin1\android-json-0.0.20131108.vaadin1.jar;D:\web\mavenRes\org\springframework\spring-core\5.1.9.RELEASE\spring-core-5.1.9.RELEASE.jar;D:\web\mavenRes\org\springframework\spring-jcl\5.1.9.RELEASE\spring-jcl-5.1.9.RELEASE.jar;D:\web\mavenRes\org\springframework\spring-test\5.1.9.RELEASE\spring-test-5.1.9.RELEASE.jar;D:\web\mavenRes\org\xmlunit\xmlunit-core\2.6.3\xmlunit-core-2.6.3.jar;D:\web\mavenRes\mysql\mysql-connector-java\8.0.17\mysql-connector-java-8.0.17.jar;D:\web\mavenRes\org\mybatis\spring\boot\mybatis-spring-boot-starter\1.2.0\mybatis-spring-boot-starter-1.2.0.jar;D:\web\mavenRes\org\springframework\boot\spring-boot-starter-jdbc\2.1.7.RELEASE\spring-boot-starter-jdbc-2.1.7.RELEASE.jar;D:\web\mavenRes\com\zaxxer\HikariCP\3.2.0\HikariCP-3.2.0.jar;D:\web\mavenRes\org\springframework\spring-jdbc\5.1.9.RELEASE\spring-jdbc-5.1.9.RELEASE.jar;D:\web\mavenRes\org\mybatis\spring\boot\mybatis-spring-boot-autoconfigure\1.2.0\mybatis-spring-boot-autoconfigure-1.2.0.jar;D:\web\mavenRes\org\mybatis\mybatis\3.4.2\mybatis-3.4.2.jar;D:\web\mavenRes\org\mybatis\mybatis-spring\1.3.1\mybatis-spring-1.3.1.jar;D:\web\mavenRes\org\springframework\boot\spring-boot-starter-data-jpa\2.1.7.RELEASE\spring-boot-starter-data-jpa-2.1.7.RELEASE.jar;D:\web\mavenRes\org\springframework\boot\spring-boot-starter-aop\2.1.7.RELEASE\spring-boot-starter-aop-2.1.7.RELEASE.jar;D:\web\mavenRes\org\aspectj\aspectjweaver\1.9.4\aspectjweaver-1.9.4.jar;D:\web\mavenRes\javax\transaction\javax.transaction-api\1.3\javax.transaction-api-1.3.jar;D:\web\mavenRes\javax\xml\bind\jaxb-api\2.3.1\jaxb-api-2.3.1.jar;D:\web\mavenRes\javax\activation\javax.activation-api\1.2.0\javax.activation-api-1.2.0.jar;D:\web\mavenRes\org\hibernate\hibernate-core\5.3.10.Final\hibernate-core-5.3.10.Final.jar;D:\web\mavenRes\javax\persistence\javax.persistence-api\2.2\javax.persistence-api-2.2.jar;D:\web\mavenRes\org\javassist\javassist\3.23.2-GA\javassist-3.23.2-GA.jar;D:\web\mavenRes\antlr\antlr\2.7.7\antlr-2.7.7.jar;D:\web\mavenRes\org\jboss\jandex\2.0.5.Final\jandex-2.0.5.Final.jar;D:\web\mavenRes\org\dom4j\dom4j\2.1.1\dom4j-2.1.1.jar;D:\web\mavenRes\org\hibernate\common\hibernate-commons-annotations\5.0.4.Final\hibernate-commons-annotations-5.0.4.Final.jar;D:\web\mavenRes\org\springframework\data\spring-data-jpa\2.1.10.RELEASE\spring-data-jpa-2.1.10.RELEASE.jar;D:\web\mavenRes\org\springframework\data\spring-data-commons\2.1.10.RELEASE\spring-data-commons-2.1.10.RELEASE.jar;D:\web\mavenRes\org\springframework\spring-orm\5.1.9.RELEASE\spring-orm-5.1.9.RELEASE.jar;D:\web\mavenRes\org\springframework\spring-tx\5.1.9.RELEASE\spring-tx-5.1.9.RELEASE.jar;D:\web\mavenRes\org\springframework\spring-aspects\5.1.9.RELEASE\spring-aspects-5.1.9.RELEASE.jar;D:\web\mavenRes\org\springframework\boot\spring-boot-starter-data-jdbc\2.1.7.RELEASE\spring-boot-starter-data-jdbc-2.1.7.RELEASE.jar;D:\web\mavenRes\org\springframework\data\spring-data-jdbc\1.0.10.RELEASE\spring-data-jdbc-1.0.10.RELEASE.jar;D:\web\mavenRes\io\swagger\swagger-annotations\1.5.10\swagger-annotations-1.5.10.jar;D:\web\mavenRes\net\sourceforge\nekohtml\nekohtml\1.9.22\nekohtml-1.9.22.jar;D:\web\mavenRes\xerces\xercesImpl\2.11.0\xercesImpl-2.11.0.jar;D:\web\mavenRes\xml-apis\xml-apis\1.4.01\xml-apis-1.4.01.jar;D:\web\mavenRes\com\squareup\okhttp3\okhttp\3.14.1\okhttp-3.14.1.jar;D:\web\mavenRes\com\squareup\okio\okio\1.17.2\okio-1.17.2.jar;D:\web\mavenRes\com\alibaba\fastjson\1.2.57\fastjson-1.2.57.jar;D:\web\mavenRes\net\sf\trove4j\core\3.1.0\core-3.1.0.jar;"/>
    <property name="java.vm.vendor" value="Oracle Corporation"/>
    <property name="sun.arch.data.model" value="32"/>
    <property name="user.variant" value=""/>
    <property name="java.vendor.url" value="http://java.oracle.com/"/>
    <property name="user.timezone" value="Asia/Shanghai"/>
    <property name="java.vm.specification.version" value="1.8"/>
    <property name="os.name" value="Windows 10"/>
    <property name="user.country" value="CN"/>
    <property name="sun.java.launcher" value="SUN_STANDARD"/>
    <property name="sun.boot.library.path" value="D:\Program Files (x86)\Java\jdk1.8.0_73\jre\bin"/>
    <property name="sun.java.command" value="C:\Users\伍剑锋\AppData\Local\Temp\surefire6801406625556593500\surefirebooter6159647338997676550.jar C:\Users\伍剑锋\AppData\Local\Temp\surefire6801406625556593500 2019-09-10T19-06-16_025-jvmRun1 surefire5162233280471626083tmp surefire_07158556966510491484tmp"/>
    <property name="surefire.test.class.path" value="D:\view\javaStuddy\spring-mybastis\target\test-classes;D:\view\javaStuddy\spring-mybastis\target\classes;D:\web\mavenRes\org\springframework\boot\spring-boot-starter-web\2.1.7.RELEASE\spring-boot-starter-web-2.1.7.RELEASE.jar;D:\web\mavenRes\org\springframework\boot\spring-boot-starter\2.1.7.RELEASE\spring-boot-starter-2.1.7.RELEASE.jar;D:\web\mavenRes\org\springframework\boot\spring-boot\2.1.7.RELEASE\spring-boot-2.1.7.RELEASE.jar;D:\web\mavenRes\org\springframework\boot\spring-boot-autoconfigure\2.1.7.RELEASE\spring-boot-autoconfigure-2.1.7.RELEASE.jar;D:\web\mavenRes\org\springframework\boot\spring-boot-starter-logging\2.1.7.RELEASE\spring-boot-starter-logging-2.1.7.RELEASE.jar;D:\web\mavenRes\ch\qos\logback\logback-classic\1.2.3\logback-classic-1.2.3.jar;D:\web\mavenRes\ch\qos\logback\logback-core\1.2.3\logback-core-1.2.3.jar;D:\web\mavenRes\org\apache\logging\log4j\log4j-to-slf4j\2.11.2\log4j-to-slf4j-2.11.2.jar;D:\web\mavenRes\org\apache\logging\log4j\log4j-api\2.11.2\log4j-api-2.11.2.jar;D:\web\mavenRes\org\slf4j\jul-to-slf4j\1.7.26\jul-to-slf4j-1.7.26.jar;D:\web\mavenRes\javax\annotation\javax.annotation-api\1.3.2\javax.annotation-api-1.3.2.jar;D:\web\mavenRes\org\yaml\snakeyaml\1.23\snakeyaml-1.23.jar;D:\web\mavenRes\org\springframework\boot\spring-boot-starter-json\2.1.7.RELEASE\spring-boot-starter-json-2.1.7.RELEASE.jar;D:\web\mavenRes\com\fasterxml\jackson\core\jackson-databind\2.9.9\jackson-databind-2.9.9.jar;D:\web\mavenRes\com\fasterxml\jackson\core\jackson-annotations\2.9.0\jackson-annotations-2.9.0.jar;D:\web\mavenRes\com\fasterxml\jackson\core\jackson-core\2.9.9\jackson-core-2.9.9.jar;D:\web\mavenRes\com\fasterxml\jackson\datatype\jackson-datatype-jdk8\2.9.9\jackson-datatype-jdk8-2.9.9.jar;D:\web\mavenRes\com\fasterxml\jackson\datatype\jackson-datatype-jsr310\2.9.9\jackson-datatype-jsr310-2.9.9.jar;D:\web\mavenRes\com\fasterxml\jackson\module\jackson-module-parameter-names\2.9.9\jackson-module-parameter-names-2.9.9.jar;D:\web\mavenRes\org\springframework\boot\spring-boot-starter-tomcat\2.1.7.RELEASE\spring-boot-starter-tomcat-2.1.7.RELEASE.jar;D:\web\mavenRes\org\apache\tomcat\embed\tomcat-embed-core\9.0.22\tomcat-embed-core-9.0.22.jar;D:\web\mavenRes\org\apache\tomcat\embed\tomcat-embed-el\9.0.22\tomcat-embed-el-9.0.22.jar;D:\web\mavenRes\org\apache\tomcat\embed\tomcat-embed-websocket\9.0.22\tomcat-embed-websocket-9.0.22.jar;D:\web\mavenRes\org\hibernate\validator\hibernate-validator\6.0.17.Final\hibernate-validator-6.0.17.Final.jar;D:\web\mavenRes\javax\validation\validation-api\2.0.1.Final\validation-api-2.0.1.Final.jar;D:\web\mavenRes\org\jboss\logging\jboss-logging\3.3.2.Final\jboss-logging-3.3.2.Final.jar;D:\web\mavenRes\com\fasterxml\classmate\1.4.0\classmate-1.4.0.jar;D:\web\mavenRes\org\springframework\spring-web\5.1.9.RELEASE\spring-web-5.1.9.RELEASE.jar;D:\web\mavenRes\org\springframework\spring-beans\5.1.9.RELEASE\spring-beans-5.1.9.RELEASE.jar;D:\web\mavenRes\org\springframework\spring-webmvc\5.1.9.RELEASE\spring-webmvc-5.1.9.RELEASE.jar;D:\web\mavenRes\org\springframework\spring-aop\5.1.9.RELEASE\spring-aop-5.1.9.RELEASE.jar;D:\web\mavenRes\org\springframework\spring-context\5.1.9.RELEASE\spring-context-5.1.9.RELEASE.jar;D:\web\mavenRes\org\springframework\spring-expression\5.1.9.RELEASE\spring-expression-5.1.9.RELEASE.jar;D:\web\mavenRes\org\springframework\boot\spring-boot-starter-thymeleaf\2.1.7.RELEASE\spring-boot-starter-thymeleaf-2.1.7.RELEASE.jar;D:\web\mavenRes\org\thymeleaf\thymeleaf-spring5\3.0.11.RELEASE\thymeleaf-spring5-3.0.11.RELEASE.jar;D:\web\mavenRes\org\thymeleaf\thymeleaf\3.0.11.RELEASE\thymeleaf-3.0.11.RELEASE.jar;D:\web\mavenRes\org\attoparser\attoparser\2.0.5.RELEASE\attoparser-2.0.5.RELEASE.jar;D:\web\mavenRes\org\unbescape\unbescape\1.1.6.RELEASE\unbescape-1.1.6.RELEASE.jar;D:\web\mavenRes\org\slf4j\slf4j-api\1.7.26\slf4j-api-1.7.26.jar;D:\web\mavenRes\org\thymeleaf\extras\thymeleaf-extras-java8time\3.0.4.RELEASE\thymeleaf-extras-java8time-3.0.4.RELEASE.jar;D:\web\mavenRes\org\springframework\boot\spring-boot-starter-test\2.1.7.RELEASE\spring-boot-starter-test-2.1.7.RELEASE.jar;D:\web\mavenRes\org\springframework\boot\spring-boot-test\2.1.7.RELEASE\spring-boot-test-2.1.7.RELEASE.jar;D:\web\mavenRes\org\springframework\boot\spring-boot-test-autoconfigure\2.1.7.RELEASE\spring-boot-test-autoconfigure-2.1.7.RELEASE.jar;D:\web\mavenRes\com\jayway\jsonpath\json-path\2.4.0\json-path-2.4.0.jar;D:\web\mavenRes\net\minidev\json-smart\2.3\json-smart-2.3.jar;D:\web\mavenRes\net\minidev\accessors-smart\1.2\accessors-smart-1.2.jar;D:\web\mavenRes\org\ow2\asm\asm\5.0.4\asm-5.0.4.jar;D:\web\mavenRes\junit\junit\4.12\junit-4.12.jar;D:\web\mavenRes\org\assertj\assertj-core\3.11.1\assertj-core-3.11.1.jar;D:\web\mavenRes\org\mockito\mockito-core\2.23.4\mockito-core-2.23.4.jar;D:\web\mavenRes\net\bytebuddy\byte-buddy\1.9.16\byte-buddy-1.9.16.jar;D:\web\mavenRes\net\bytebuddy\byte-buddy-agent\1.9.16\byte-buddy-agent-1.9.16.jar;D:\web\mavenRes\org\objenesis\objenesis\2.6\objenesis-2.6.jar;D:\web\mavenRes\org\hamcrest\hamcrest-core\1.3\hamcrest-core-1.3.jar;D:\web\mavenRes\org\hamcrest\hamcrest-library\1.3\hamcrest-library-1.3.jar;D:\web\mavenRes\org\skyscreamer\jsonassert\1.5.0\jsonassert-1.5.0.jar;D:\web\mavenRes\com\vaadin\external\google\android-json\0.0.20131108.vaadin1\android-json-0.0.20131108.vaadin1.jar;D:\web\mavenRes\org\springframework\spring-core\5.1.9.RELEASE\spring-core-5.1.9.RELEASE.jar;D:\web\mavenRes\org\springframework\spring-jcl\5.1.9.RELEASE\spring-jcl-5.1.9.RELEASE.jar;D:\web\mavenRes\org\springframework\spring-test\5.1.9.RELEASE\spring-test-5.1.9.RELEASE.jar;D:\web\mavenRes\org\xmlunit\xmlunit-core\2.6.3\xmlunit-core-2.6.3.jar;D:\web\mavenRes\mysql\mysql-connector-java\8.0.17\mysql-connector-java-8.0.17.jar;D:\web\mavenRes\org\mybatis\spring\boot\mybatis-spring-boot-starter\1.2.0\mybatis-spring-boot-starter-1.2.0.jar;D:\web\mavenRes\org\springframework\boot\spring-boot-starter-jdbc\2.1.7.RELEASE\spring-boot-starter-jdbc-2.1.7.RELEASE.jar;D:\web\mavenRes\com\zaxxer\HikariCP\3.2.0\HikariCP-3.2.0.jar;D:\web\mavenRes\org\springframework\spring-jdbc\5.1.9.RELEASE\spring-jdbc-5.1.9.RELEASE.jar;D:\web\mavenRes\org\mybatis\spring\boot\mybatis-spring-boot-autoconfigure\1.2.0\mybatis-spring-boot-autoconfigure-1.2.0.jar;D:\web\mavenRes\org\mybatis\mybatis\3.4.2\mybatis-3.4.2.jar;D:\web\mavenRes\org\mybatis\mybatis-spring\1.3.1\mybatis-spring-1.3.1.jar;D:\web\mavenRes\org\springframework\boot\spring-boot-starter-data-jpa\2.1.7.RELEASE\spring-boot-starter-data-jpa-2.1.7.RELEASE.jar;D:\web\mavenRes\org\springframework\boot\spring-boot-starter-aop\2.1.7.RELEASE\spring-boot-starter-aop-2.1.7.RELEASE.jar;D:\web\mavenRes\org\aspectj\aspectjweaver\1.9.4\aspectjweaver-1.9.4.jar;D:\web\mavenRes\javax\transaction\javax.transaction-api\1.3\javax.transaction-api-1.3.jar;D:\web\mavenRes\javax\xml\bind\jaxb-api\2.3.1\jaxb-api-2.3.1.jar;D:\web\mavenRes\javax\activation\javax.activation-api\1.2.0\javax.activation-api-1.2.0.jar;D:\web\mavenRes\org\hibernate\hibernate-core\5.3.10.Final\hibernate-core-5.3.10.Final.jar;D:\web\mavenRes\javax\persistence\javax.persistence-api\2.2\javax.persistence-api-2.2.jar;D:\web\mavenRes\org\javassist\javassist\3.23.2-GA\javassist-3.23.2-GA.jar;D:\web\mavenRes\antlr\antlr\2.7.7\antlr-2.7.7.jar;D:\web\mavenRes\org\jboss\jandex\2.0.5.Final\jandex-2.0.5.Final.jar;D:\web\mavenRes\org\dom4j\dom4j\2.1.1\dom4j-2.1.1.jar;D:\web\mavenRes\org\hibernate\common\hibernate-commons-annotations\5.0.4.Final\hibernate-commons-annotations-5.0.4.Final.jar;D:\web\mavenRes\org\springframework\data\spring-data-jpa\2.1.10.RELEASE\spring-data-jpa-2.1.10.RELEASE.jar;D:\web\mavenRes\org\springframework\data\spring-data-commons\2.1.10.RELEASE\spring-data-commons-2.1.10.RELEASE.jar;D:\web\mavenRes\org\springframework\spring-orm\5.1.9.RELEASE\spring-orm-5.1.9.RELEASE.jar;D:\web\mavenRes\org\springframework\spring-tx\5.1.9.RELEASE\spring-tx-5.1.9.RELEASE.jar;D:\web\mavenRes\org\springframework\spring-aspects\5.1.9.RELEASE\spring-aspects-5.1.9.RELEASE.jar;D:\web\mavenRes\org\springframework\boot\spring-boot-starter-data-jdbc\2.1.7.RELEASE\spring-boot-starter-data-jdbc-2.1.7.RELEASE.jar;D:\web\mavenRes\org\springframework\data\spring-data-jdbc\1.0.10.RELEASE\spring-data-jdbc-1.0.10.RELEASE.jar;D:\web\mavenRes\io\swagger\swagger-annotations\1.5.10\swagger-annotations-1.5.10.jar;D:\web\mavenRes\net\sourceforge\nekohtml\nekohtml\1.9.22\nekohtml-1.9.22.jar;D:\web\mavenRes\xerces\xercesImpl\2.11.0\xercesImpl-2.11.0.jar;D:\web\mavenRes\xml-apis\xml-apis\1.4.01\xml-apis-1.4.01.jar;D:\web\mavenRes\com\squareup\okhttp3\okhttp\3.14.1\okhttp-3.14.1.jar;D:\web\mavenRes\com\squareup\okio\okio\1.17.2\okio-1.17.2.jar;D:\web\mavenRes\com\alibaba\fastjson\1.2.57\fastjson-1.2.57.jar;D:\web\mavenRes\net\sf\trove4j\core\3.1.0\core-3.1.0.jar;"/>
    <property name="sun.cpu.endian" value="little"/>
    <property name="user.home" value="C:\Users\伍剑锋"/>
    <property name="user.language" value="zh"/>
    <property name="java.specification.vendor" value="Oracle Corporation"/>
    <property name="java.home" value="D:\Program Files (x86)\Java\jdk1.8.0_73\jre"/>
    <property name="basedir" value="D:\view\javaStuddy\spring-mybastis"/>
    <property name="file.separator" value="\"/>
    <property name="line.separator" value="&#10;"/>
    <property name="java.vm.specification.vendor" value="Oracle Corporation"/>
    <property name="java.specification.name" value="Java Platform API Specification"/>
    <property name="java.awt.graphicsenv" value="sun.awt.Win32GraphicsEnvironment"/>
    <property name="surefire.real.class.path" value="C:\Users\伍剑锋\AppData\Local\Temp\surefire6801406625556593500\surefirebooter6159647338997676550.jar"/>
    <property name="sun.boot.class.path" value="D:\Program Files (x86)\Java\jdk1.8.0_73\jre\lib\resources.jar;D:\Program Files (x86)\Java\jdk1.8.0_73\jre\lib\rt.jar;D:\Program Files (x86)\Java\jdk1.8.0_73\jre\lib\sunrsasign.jar;D:\Program Files (x86)\Java\jdk1.8.0_73\jre\lib\jsse.jar;D:\Program Files (x86)\Java\jdk1.8.0_73\jre\lib\jce.jar;D:\Program Files (x86)\Java\jdk1.8.0_73\jre\lib\charsets.jar;D:\Program Files (x86)\Java\jdk1.8.0_73\jre\lib\jfr.jar;D:\Program Files (x86)\Java\jdk1.8.0_73\jre\classes"/>
    <property name="user.script" value=""/>
    <property name="sun.management.compiler" value="HotSpot Client Compiler"/>
    <property name="java.runtime.version" value="1.8.0_73-b02"/>
    <property name="user.name" value="伍剑锋"/>
    <property name="path.separator" value=";"/>
    <property name="os.version" value="10.0"/>
    <property name="java.endorsed.dirs" value="D:\Program Files (x86)\Java\jdk1.8.0_73\jre\lib\endorsed"/>
    <property name="java.runtime.name" value="Java(TM) SE Runtime Environment"/>
    <property name="file.encoding" value="GBK"/>
    <property name="java.vm.name" value="Java HotSpot(TM) Client VM"/>
    <property name="localRepository" value="D:\web\mavenRes"/>
    <property name="java.vendor.url.bug" value="http://bugreport.sun.com/bugreport/"/>
    <property name="java.io.tmpdir" value="C:\Users\伍剑锋\AppData\Local\Temp\"/>
    <property name="java.version" value="1.8.0_73"/>
    <property name="user.dir" value="D:\view\javaStuddy\spring-mybastis"/>
    <property name="os.arch" value="x86"/>
    <property name="java.vm.specification.name" value="Java Virtual Machine Specification"/>
    <property name="java.awt.printerjob" value="sun.awt.windows.WPrinterJob"/>
    <property name="sun.os.patch.level" value=""/>
    <property name="java.library.path" value="D:\Program Files (x86)\Java\jdk1.8.0_73\jre\bin;C:\WINDOWS\Sun\Java\bin;C:\WINDOWS\system32;C:\WINDOWS;C:\ProgramData\Oracle\Java\javapath;C:\Program Files (x86)\Intel\Intel(R) Management Engine Components\iCLS\;C:\Program Files\Intel\Intel(R) Management Engine Components\iCLS\;C:\WINDOWS\system32;C:\WINDOWS;C:\WINDOWS\System32\Wbem;C:\WINDOWS\System32\WindowsPowerShell\v1.0\;C:\WINDOWS\System32\OpenSSH\;C:\Program Files (x86)\Intel\Intel(R) Management Engine Components\DAL;C:\Program Files\Intel\Intel(R) Management Engine Components\DAL;C:\Program Files (x86)\Intel\Intel(R) Management Engine Components\IPT;C:\Program Files\Intel\Intel(R) Management Engine Components\IPT;C:\Program Files\nodejs\;D:\Program Files\Git\cmd;D:\Program Files (x86)\Java\jdk1.8.0_73\bin\;D:\Program Files (x86)\Java\jre.1.80_73\bin\;D:\web\apache-maven-3.6.1-bin\apache-maven-3.6.1\bin\;&quot;;D:\web\apache-tomcat-9.0.22\apache-tomcat-9.0.22\bin&quot;;D:\Ruby21-x64\bin;C:\Users\伍剑锋\AppData\Local\Microsoft\WindowsApps;C:\Users\伍剑锋\AppData\Roaming\npm;C:\Users\伍剑锋\AppData\Local\Programs\Microsoft VS Code\bin;D:\Program Files\JetBrains\IntelliJ IDEA 2019.1.3\bin;;D:\Program Files\JetBrains\WebStorm 2019.1.3\bin;;;."/>
    <property name="java.vm.info" value="mixed mode"/>
    <property name="java.vendor" value="Oracle Corporation"/>
    <property name="java.vm.version" value="25.73-b02"/>
    <property name="java.ext.dirs" value="D:\Program Files (x86)\Java\jdk1.8.0_73\jre\lib\ext;C:\WINDOWS\Sun\Java\lib\ext"/>
    <property name="sun.io.unicode.encoding" value="UnicodeLittle"/>
    <property name="java.class.version" value="52.0"/>
  </properties>
  <testcase name="contextLoads" classname="com.cdc.springmybastis.SpringMybastisApplicationTests" time="0.065"/>
</testsuite>